2025-04-16 22:20:15,791 - INFO - Action Prediction Training Started
2025-04-16 22:20:15,791 - INFO - Training!!!
2025-04-16 22:20:50,791 - INFO - Train Epoch [1/50], Loss: 0.81050774, Accuracy: 0.6573721436343852
2025-04-16 22:20:50,791 - INFO - Test Epoch [1/50], Loss: 0.37603535, Accuracy: 0.843909060061079
2025-04-16 22:21:23,964 - INFO - Train Epoch [2/50], Loss: 0.30134404, Accuracy: 0.8769042437431991
2025-04-16 22:21:23,964 - INFO - Test Epoch [2/50], Loss: 0.28541307, Accuracy: 0.9053274516457415
2025-04-16 22:23:37,153 - INFO - Action Prediction Training Started
2025-04-16 22:23:37,154 - INFO - Training!!!
2025-04-16 22:24:13,517 - INFO - Train Epoch [1/50], Loss: 0.84203900, Accuracy: 64.65%
2025-04-16 22:24:13,553 - INFO - Test Epoch [1/50], Loss: 0.29995051, Accuracy: 87.58%
2025-04-16 22:24:46,306 - INFO - Train Epoch [2/50], Loss: 0.30551320, Accuracy: 88.44%
2025-04-16 22:24:46,306 - INFO - Test Epoch [2/50], Loss: 0.18811884, Accuracy: 92.70%
2025-04-16 22:25:10,056 - INFO - Train Epoch [3/50], Loss: 0.18749223, Accuracy: 92.79%
2025-04-16 22:25:10,056 - INFO - Test Epoch [3/50], Loss: 0.19111476, Accuracy: 93.32%
2025-04-16 22:25:28,836 - INFO - Train Epoch [4/50], Loss: 0.14319741, Accuracy: 94.84%
2025-04-16 22:25:28,836 - INFO - Test Epoch [4/50], Loss: 0.17288286, Accuracy: 94.30%
2025-04-16 22:25:47,927 - INFO - Train Epoch [5/50], Loss: 0.12135514, Accuracy: 95.59%
2025-04-16 22:25:47,927 - INFO - Test Epoch [5/50], Loss: 0.18988578, Accuracy: 93.79%
2025-04-16 22:26:07,237 - INFO - Train Epoch [6/50], Loss: 0.09633439, Accuracy: 96.46%
2025-04-16 22:26:07,237 - INFO - Test Epoch [6/50], Loss: 0.23121171, Accuracy: 92.98%
2025-04-16 22:26:27,613 - INFO - Train Epoch [7/50], Loss: 0.08782224, Accuracy: 96.91%
2025-04-16 22:26:27,613 - INFO - Test Epoch [7/50], Loss: 0.21886072, Accuracy: 93.42%
2025-04-16 22:26:47,078 - INFO - Train Epoch [8/50], Loss: 0.07583011, Accuracy: 97.06%
2025-04-16 22:26:47,079 - INFO - Test Epoch [8/50], Loss: 0.23614137, Accuracy: 93.08%
2025-04-16 22:27:06,450 - INFO - Train Epoch [9/50], Loss: 0.05908414, Accuracy: 97.92%
2025-04-16 22:27:06,450 - INFO - Test Epoch [9/50], Loss: 0.24368141, Accuracy: 93.08%
2025-04-16 22:27:25,726 - INFO - Train Epoch [10/50], Loss: 0.06127001, Accuracy: 97.66%
2025-04-16 22:27:25,726 - INFO - Test Epoch [10/50], Loss: 0.23898257, Accuracy: 93.48%
2025-04-16 22:27:45,769 - INFO - Train Epoch [11/50], Loss: 0.05829482, Accuracy: 97.82%
2025-04-16 22:27:45,769 - INFO - Test Epoch [11/50], Loss: 0.21701690, Accuracy: 93.65%
2025-04-16 22:28:05,080 - INFO - Train Epoch [12/50], Loss: 0.05787411, Accuracy: 97.95%
2025-04-16 22:28:05,080 - INFO - Test Epoch [12/50], Loss: 0.21963051, Accuracy: 93.55%
2025-04-16 22:28:24,147 - INFO - Train Epoch [13/50], Loss: 0.05609784, Accuracy: 97.96%
2025-04-16 22:28:24,148 - INFO - Test Epoch [13/50], Loss: 0.21769851, Accuracy: 93.65%
2025-04-16 22:28:43,241 - INFO - Train Epoch [14/50], Loss: 0.05573959, Accuracy: 97.97%
2025-04-16 22:28:43,242 - INFO - Test Epoch [14/50], Loss: 0.21678391, Accuracy: 93.76%
2025-04-16 22:29:03,364 - INFO - Train Epoch [15/50], Loss: 0.05551518, Accuracy: 98.03%
2025-04-16 22:29:03,364 - INFO - Test Epoch [15/50], Loss: 0.21667997, Accuracy: 93.79%
2025-04-16 22:29:24,343 - INFO - Train Epoch [16/50], Loss: 0.05616984, Accuracy: 98.03%
2025-04-16 22:29:24,343 - INFO - Test Epoch [16/50], Loss: 0.21951966, Accuracy: 93.82%
2025-04-16 22:29:44,591 - INFO - Train Epoch [17/50], Loss: 0.05258027, Accuracy: 97.97%
2025-04-16 22:29:44,591 - INFO - Test Epoch [17/50], Loss: 0.21924641, Accuracy: 93.79%
2025-04-16 22:30:05,252 - INFO - Train Epoch [18/50], Loss: 0.05609749, Accuracy: 98.03%
2025-04-16 22:30:05,252 - INFO - Test Epoch [18/50], Loss: 0.21919895, Accuracy: 93.79%
2025-04-16 22:30:25,846 - INFO - Train Epoch [19/50], Loss: 0.05659010, Accuracy: 97.95%
2025-04-16 22:30:25,847 - INFO - Test Epoch [19/50], Loss: 0.21913528, Accuracy: 93.76%
2025-04-16 22:30:47,456 - INFO - Train Epoch [20/50], Loss: 0.05165938, Accuracy: 98.15%
2025-04-16 22:30:47,457 - INFO - Test Epoch [20/50], Loss: 0.21903356, Accuracy: 93.76%
2025-04-16 22:31:07,501 - INFO - Train Epoch [21/50], Loss: 0.05226298, Accuracy: 98.29%
2025-04-16 22:31:07,502 - INFO - Test Epoch [21/50], Loss: 0.21901498, Accuracy: 93.76%
2025-04-16 22:31:27,680 - INFO - Train Epoch [22/50], Loss: 0.05901897, Accuracy: 98.03%
2025-04-16 22:31:27,680 - INFO - Test Epoch [22/50], Loss: 0.21900919, Accuracy: 93.76%
2025-04-16 22:31:48,125 - INFO - Train Epoch [23/50], Loss: 0.05796051, Accuracy: 97.93%
2025-04-16 22:31:48,126 - INFO - Test Epoch [23/50], Loss: 0.21900319, Accuracy: 93.76%
2025-04-16 22:32:09,238 - INFO - Train Epoch [24/50], Loss: 0.05438593, Accuracy: 97.97%
2025-04-16 22:32:09,238 - INFO - Test Epoch [24/50], Loss: 0.21902167, Accuracy: 93.76%
2025-04-16 22:32:29,943 - INFO - Train Epoch [25/50], Loss: 0.05512030, Accuracy: 97.80%
2025-04-16 22:32:29,943 - INFO - Test Epoch [25/50], Loss: 0.21902750, Accuracy: 93.76%
2025-04-16 22:32:50,578 - INFO - Train Epoch [26/50], Loss: 0.05480291, Accuracy: 98.00%
2025-04-16 22:32:50,578 - INFO - Test Epoch [26/50], Loss: 0.21903594, Accuracy: 93.76%
2025-04-16 22:33:10,668 - INFO - Train Epoch [27/50], Loss: 0.05463258, Accuracy: 98.14%
2025-04-16 22:33:10,668 - INFO - Test Epoch [27/50], Loss: 0.21904130, Accuracy: 93.76%
2025-04-16 22:33:32,567 - INFO - Train Epoch [28/50], Loss: 0.05810523, Accuracy: 97.84%
2025-04-16 22:33:32,567 - INFO - Test Epoch [28/50], Loss: 0.21906002, Accuracy: 93.72%
2025-04-16 22:33:55,779 - INFO - Train Epoch [29/50], Loss: 0.05449672, Accuracy: 98.08%
2025-04-16 22:33:55,779 - INFO - Test Epoch [29/50], Loss: 0.21905297, Accuracy: 93.72%
2025-04-16 22:34:16,425 - INFO - Train Epoch [30/50], Loss: 0.05954205, Accuracy: 97.96%
2025-04-16 22:34:16,426 - INFO - Test Epoch [30/50], Loss: 0.21905909, Accuracy: 93.76%
2025-04-16 22:34:36,914 - INFO - Train Epoch [31/50], Loss: 0.05237261, Accuracy: 98.16%
2025-04-16 22:34:36,915 - INFO - Test Epoch [31/50], Loss: 0.21903977, Accuracy: 93.76%
2025-04-16 22:34:57,700 - INFO - Train Epoch [32/50], Loss: 0.05575870, Accuracy: 98.14%
2025-04-16 22:34:57,701 - INFO - Test Epoch [32/50], Loss: 0.21903832, Accuracy: 93.76%
2025-04-16 22:35:19,596 - INFO - Train Epoch [33/50], Loss: 0.05603647, Accuracy: 97.97%
2025-04-16 22:35:19,596 - INFO - Test Epoch [33/50], Loss: 0.21902372, Accuracy: 93.76%
2025-04-16 22:35:41,189 - INFO - Train Epoch [34/50], Loss: 0.05652093, Accuracy: 97.84%
2025-04-16 22:35:41,189 - INFO - Test Epoch [34/50], Loss: 0.21903357, Accuracy: 93.76%
2025-04-16 22:36:01,220 - INFO - Train Epoch [35/50], Loss: 0.05222991, Accuracy: 98.04%
2025-04-16 22:36:01,221 - INFO - Test Epoch [35/50], Loss: 0.21904379, Accuracy: 93.76%
2025-04-16 22:36:21,439 - INFO - Train Epoch [36/50], Loss: 0.05394783, Accuracy: 98.04%
2025-04-16 22:36:21,440 - INFO - Test Epoch [36/50], Loss: 0.21905295, Accuracy: 93.76%
2025-04-16 22:36:41,792 - INFO - Train Epoch [37/50], Loss: 0.05432719, Accuracy: 98.04%
2025-04-16 22:36:41,792 - INFO - Test Epoch [37/50], Loss: 0.21906653, Accuracy: 93.76%
2025-04-16 22:37:04,457 - INFO - Train Epoch [38/50], Loss: 0.05487363, Accuracy: 98.19%
2025-04-16 22:37:04,457 - INFO - Test Epoch [38/50], Loss: 0.21908868, Accuracy: 93.76%
2025-04-16 22:37:26,083 - INFO - Train Epoch [39/50], Loss: 0.05272063, Accuracy: 98.10%
2025-04-16 22:37:26,084 - INFO - Test Epoch [39/50], Loss: 0.21907708, Accuracy: 93.76%
2025-04-16 22:37:46,872 - INFO - Train Epoch [40/50], Loss: 0.05230769, Accuracy: 98.18%
2025-04-16 22:37:46,872 - INFO - Test Epoch [40/50], Loss: 0.21905414, Accuracy: 93.79%
2025-04-16 22:38:11,022 - INFO - Train Epoch [41/50], Loss: 0.05324046, Accuracy: 98.04%
2025-04-16 22:38:11,022 - INFO - Test Epoch [41/50], Loss: 0.21907064, Accuracy: 93.76%
2025-04-16 22:38:33,276 - INFO - Train Epoch [42/50], Loss: 0.05675861, Accuracy: 97.86%
2025-04-16 22:38:33,277 - INFO - Test Epoch [42/50], Loss: 0.21908234, Accuracy: 93.76%
2025-04-16 22:38:54,172 - INFO - Train Epoch [43/50], Loss: 0.05460995, Accuracy: 98.18%
2025-04-16 22:38:54,172 - INFO - Test Epoch [43/50], Loss: 0.21908553, Accuracy: 93.76%
2025-04-16 22:39:15,838 - INFO - Train Epoch [44/50], Loss: 0.05642226, Accuracy: 98.01%
2025-04-16 22:39:15,839 - INFO - Test Epoch [44/50], Loss: 0.21913552, Accuracy: 93.76%
2025-04-16 22:39:36,276 - INFO - Train Epoch [45/50], Loss: 0.06154553, Accuracy: 97.74%
2025-04-16 22:39:36,276 - INFO - Test Epoch [45/50], Loss: 0.21913124, Accuracy: 93.76%
2025-04-16 22:39:57,360 - INFO - Train Epoch [46/50], Loss: 0.05362860, Accuracy: 98.11%
2025-04-16 22:39:57,360 - INFO - Test Epoch [46/50], Loss: 0.21916039, Accuracy: 93.76%
2025-04-16 22:40:18,469 - INFO - Train Epoch [47/50], Loss: 0.05371035, Accuracy: 98.03%
2025-04-16 22:40:18,470 - INFO - Test Epoch [47/50], Loss: 0.21917050, Accuracy: 93.76%
2025-04-16 22:40:40,000 - INFO - Train Epoch [48/50], Loss: 0.05383870, Accuracy: 98.14%
2025-04-16 22:40:40,000 - INFO - Test Epoch [48/50], Loss: 0.21917493, Accuracy: 93.76%
2025-04-16 22:41:01,079 - INFO - Train Epoch [49/50], Loss: 0.06129707, Accuracy: 97.74%
2025-04-16 22:41:01,079 - INFO - Test Epoch [49/50], Loss: 0.21917537, Accuracy: 93.76%
2025-04-16 22:41:21,461 - INFO - Train Epoch [50/50], Loss: 0.05690993, Accuracy: 98.07%
2025-04-16 22:41:21,461 - INFO - Test Epoch [50/50], Loss: 0.21916775, Accuracy: 93.76%
2025-04-16 22:41:21,461 - INFO - Best Test Accuracy Rate: 94.30
2025-04-16 22:41:21,461 - INFO - Ending, best model was saved at ./best_model//best_model.pth
